<?xml version="1.0" encoding="UTF-8"?>
<!-- Generated by org.testng.reporters.JUnitXMLReporter -->
<testsuite ignored="6" hostname="TechMs-MacBook-Pro.local" failures="0" tests="1" name="Default test" time="2.109" errors="0" timestamp="2022-03-30T09:17:56 PDT">
  <testcase classname="Exercises.Exercise2" name="orderPet" time="1.31"/>
  <testcase classname="Exercises.Exercise2" name="addNewPet" time="0.0">
    <ignored/>
  </testcase> <!-- addNewPet -->
  <testcase classname="Exercises.Exercise2" name="deleteUser" time="0.0">
    <ignored/>
  </testcase> <!-- deleteUser -->
  <testcase classname="Exercises.Exercise2" name="getPetStatus" time="0.0">
    <ignored/>
  </testcase> <!-- getPetStatus -->
  <testcase classname="Exercises.Exercise2" name="getPet" time="0.0">
    <ignored/>
  </testcase> <!-- getPet -->
  <testcase classname="Exercises.Exercise2" name="updateUser" time="0.0">
    <ignored/>
  </testcase> <!-- updateUser -->
  <testcase classname="Exercises.Exercise2" name="createUser" time="0.0">
    <ignored/>
  </testcase> <!-- createUser -->
</testsuite> <!-- Default test -->
