<?xml version="1.0" encoding="UTF-8"?>
<testng-results ignored="6" total="7" passed="1" failed="0" skipped="0">
  <reporter-output>
  </reporter-output>
  <suite started-at="2022-03-30T09:17:54 PDT" name="Default suite" finished-at="2022-03-30T09:17:56 PDT" duration-ms="2109">
    <groups>
    </groups>
    <test started-at="2022-03-30T09:17:54 PDT" name="Default test" finished-at="2022-03-30T09:17:56 PDT" duration-ms="2109">
      <class name="Exercises.Exercise2">
        <test-method is-config="true" signature="startTesting()[pri:0, instance:Exercises.Exercise2@10d307f1]" started-at="2022-03-30T09:17:54 PDT" name="startTesting" finished-at="2022-03-30T09:17:55 PDT" duration-ms="766" status="PASS">
          <reporter-output>
          </reporter-output>
        </test-method> <!-- startTesting -->
        <test-method signature="orderPet()[pri:0, instance:Exercises.Exercise2@10d307f1]" started-at="2022-03-30T09:17:55 PDT" name="orderPet" finished-at="2022-03-30T09:17:56 PDT" duration-ms="1310" status="PASS">
          <reporter-output>
          </reporter-output>
        </test-method> <!-- orderPet -->
      </class> <!-- Exercises.Exercise2 -->
    </test> <!-- Default test -->
  </suite> <!-- Default suite -->
</testng-results>
